<?xml version="1.0" encoding="UTF-8" ?>
<testsuites>
 <testsuite name="OCR_handson_script" package="demo_eggplant.suite" timestamp="2023-12-02 15:22:08.757 +0530"
 tests="1"  failures="1" errors="1" time="37.992000">
  <properties>
   <property name="RunDate" value="2023-12-02 15:22:08.757 +0530"/>
   <property name="Status" value="Failure"/>
  </properties>
  <testcase name="OCR_handson.script" assertions="1" status="error"  time="37.983">
    <failure type="FAILURE" message="Image Not Found: waitfor Error - Unable To Find Any Image On Screen &quot;(TEXT:&quot;Search Google or type a URL&quot;)&quot; within 20.00 seconds. Text not found. -- Execution Time 0:00:37 OCR_handson.script" />
    <error type="Exception" message="Unable To Find Any Image On Screen &quot;(TEXT:&quot;Search Google or type a URL&quot;)&quot; within 20.00 seconds. Text not found." />
  </testcase>
 </testsuite>
</testsuites>
