<?xml version="1.0" encoding="UTF-8" ?>
<testsuites>
 <testsuite name="launch_browser_code_script" package="demo_eggplant.suite" timestamp="2024-03-16 13:18:36.266 +0530"
 tests="1"  failures="1" errors="1" time="13.851000">
  <properties>
   <property name="RunDate" value="2024-03-16 13:18:36.266 +0530"/>
   <property name="Status" value="Failure"/>
  </properties>
  <testcase name="launch_browser_code.script" assertions="1" status="error"  time="13.827">
    <failure type="FAILURE" message="File Not Found: click Error - Could Not Open Image: Digital downloads -- Execution Time 0:00:13 launch_browser_code.script" />
    <error type="Exception" message="Could Not Open Image: Digital downloads" />
  </testcase>
 </testsuite>
</testsuites>
