<?xml version="1.0" encoding="UTF-8" ?>
<testsuites>
 <testsuite name="launch_browser_code_script" package="demo_eggplant.suite" timestamp="2024-03-16 13:16:58.180 +0530"
 tests="1"  failures="1" errors="1" time="16.917000">
  <properties>
   <property name="RunDate" value="2024-03-16 13:16:58.180 +0530"/>
   <property name="Status" value="Failure"/>
  </properties>
  <testcase name="launch_browser_code.script" assertions="1" status="error"  time="16.893">
    <failure type="FAILURE" message="File Not Found: click Error - Could Not Open Image: digital_downloads_navBar -- Execution Time 0:00:16 launch_browser_code.script" />
    <error type="Exception" message="Could Not Open Image: digital_downloads_navBar" />
  </testcase>
 </testsuite>
</testsuites>
