<?xml version="1.0" encoding="UTF-8" ?>
<testsuites>
 <testsuite name="OCR_handson_script" package="demo_eggplant.suite" timestamp="2023-12-02 15:21:33.144 +0530"
 tests="1"  failures="1" errors="0" time="0.011000">
  <properties>
   <property name="RunDate" value="2023-12-02 15:21:33.144 +0530"/>
   <property name="Status" value="Failure"/>
  </properties>
  <testcase name="OCR_handson.script" assertions="1" status="failure"  time="0.001">
    <failure type="FAILURE" message="SenseTalk Compiler Exception: in ocr_handson:\nSyntax Error at line 23: can&apos;t understand [end of script] at character 12 -- Execution Time 0:00:00 OCR_handson.script" />
  </testcase>
 </testsuite>
</testsuites>
