<?xml version="1.0" encoding="UTF-8" ?>
<testsuites>
 <testsuite name="launch_browser_code_script" package="demo_eggplant.suite" timestamp="2024-03-16 13:28:38.284 +0530"
 tests="1"  failures="1" errors="1" time="96.375000">
  <properties>
   <property name="RunDate" value="2024-03-16 13:28:38.284 +0530"/>
   <property name="Status" value="Failure"/>
  </properties>
  <testcase name="launch_browser_code.script" assertions="1" status="error"  time="96.357">
    <failure type="FAILURE" message="Error Running Script Command: click Error - Image Property List did not contain &quot;ImageName&quot; property -- Execution Time 0:01:36 launch_browser_code.script" />
    <error type="Exception" message="Image Property List did not contain &quot;ImageName&quot; property" />
  </testcase>
 </testsuite>
</testsuites>
